app/build/outputs/logs/manifest-merger-debug-report.txt
-- Merging decision tree log ---
manifest
ADDED from src/main/AndroidManifest.xml:2:1-95:12
	package
		ADDED from src/main/AndroidManifest.xml:3:5-32
		INJECTED from src/main/AndroidManifest.xml
		INJECTED from src/main/AndroidManifest.xml
	android:versionName
		ADDED from src/main/AndroidManifest.xml:5:5-30
		INJECTED from src/main/AndroidManifest.xml
		INJECTED from src/main/AndroidManifest.xml
	android:versionCode
		ADDED from src/main/AndroidManifest.xml:4:5-28
		INJECTED from src/main/AndroidManifest.xml
		INJECTED from src/main/AndroidManifest.xml
	xmlns:android
		ADDED from src/main/AndroidManifest.xml:2:11-69
uses-sdk
ADDED from src/main/AndroidManifest.xml:7:5-9:41
MERGED from [com.android.support:support-v4:23.0.1] AndroidManifest.xml:20:5-43
	android:targetSdkVersion
		ADDED from src/main/AndroidManifest.xml:9:9-38
		INJECTED from src/main/AndroidManifest.xml
		INJECTED from src/main/AndroidManifest.xml
	android:minSdkVersion
		ADDED from src/main/AndroidManifest.xml:8:9-35
		INJECTED from src/main/AndroidManifest.xml
		INJECTED from src/main/AndroidManifest.xml
uses-permission#android.permission.GET_ACCOUNTS
ADDED from src/main/AndroidManifest.xml:11:5-71
	android:name
		ADDED from src/main/AndroidManifest.xml:11:22-68
uses-permission#android.permission.USE_CREDENTIALS
ADDED from src/main/AndroidManifest.xml:12:5-74
	android:name
		ADDED from src/main/AndroidManifest.xml:12:22-71
uses-permission#android.permission.MANAGE_ACCOUNTS
ADDED from src/main/AndroidManifest.xml:13:5-74
	android:name
		ADDED from src/main/AndroidManifest.xml:13:22-71
uses-permission#android.permission.AUTHENTICATE_ACCOUNTS
ADDED from src/main/AndroidManifest.xml:14:5-80
	android:name
		ADDED from src/main/AndroidManifest.xml:14:22-77
uses-permission#android.permission.ACCESS_NETWORK_STATE
ADDED from src/main/AndroidManifest.xml:15:5-79
	android:name
		ADDED from src/main/AndroidManifest.xml:15:22-76
uses-permission#android.permission.CHANGE_NETWORK_STATE
ADDED from src/main/AndroidManifest.xml:16:5-79
	android:name
		ADDED from src/main/AndroidManifest.xml:16:22-76
uses-permission#android.permission.INTERNET
ADDED from src/main/AndroidManifest.xml:17:5-67
	android:name
		ADDED from src/main/AndroidManifest.xml:17:22-64
uses-permission#com.android.launcher.permission.READ_SETTINGS
ADDED from src/main/AndroidManifest.xml:18:5-85
	android:name
		ADDED from src/main/AndroidManifest.xml:18:22-82
uses-permission#android.permission.CHANGE_WIFI_STATE
ADDED from src/main/AndroidManifest.xml:19:5-76
	android:name
		ADDED from src/main/AndroidManifest.xml:19:22-73
uses-permission#android.permission.ACCESS_WIFI_STATE
ADDED from src/main/AndroidManifest.xml:20:5-76
	android:name
		ADDED from src/main/AndroidManifest.xml:20:22-73
uses-permission#android.permission.READ_PHONE_STATE
ADDED from src/main/AndroidManifest.xml:21:5-75
	android:name
		ADDED from src/main/AndroidManifest.xml:21:22-72
uses-permission#android.permission.WRITE_EXTERNAL_STORAGE
ADDED from src/main/AndroidManifest.xml:22:5-81
	android:name
		ADDED from src/main/AndroidManifest.xml:22:22-78
uses-permission#android.permission.BROADCAST_STICKY
ADDED from src/main/AndroidManifest.xml:23:5-75
	android:name
		ADDED from src/main/AndroidManifest.xml:23:22-72
uses-permission#android.permission.MANAGE_DOCUMENTS
ADDED from src/main/AndroidManifest.xml:24:5-75
	android:name
		ADDED from src/main/AndroidManifest.xml:24:22-72
uses-permission#android.permission.WRITE_SETTINGS
ADDED from src/main/AndroidManifest.xml:25:5-73
	android:name
		ADDED from src/main/AndroidManifest.xml:25:22-70
uses-permission#android.permission.ACCESS_FINE_LOCATION
ADDED from src/main/AndroidManifest.xml:26:5-79
	android:name
		ADDED from src/main/AndroidManifest.xml:26:22-76
uses-permission#android.permission.ACCESS_COARSE_LOCATION
ADDED from src/main/AndroidManifest.xml:27:5-81
	android:name
		ADDED from src/main/AndroidManifest.xml:27:22-78
uses-permission#android.permission.RECEIVE_BOOT_COMPLETED
ADDED from src/main/AndroidManifest.xml:28:5-81
	android:name
		ADDED from src/main/AndroidManifest.xml:28:22-78
uses-permission#android.permission.READ_EXTERNAL_STORAGE
ADDED from src/main/AndroidManifest.xml:29:5-80
	android:name
		ADDED from src/main/AndroidManifest.xml:29:22-77
application
ADDED from src/main/AndroidManifest.xml:31:5-93:19
MERGED from [com.android.support:support-v4:23.0.1] AndroidManifest.xml:22:5-20
	android:label
		ADDED from src/main/AndroidManifest.xml:35:9-41
	android:allowBackup
		ADDED from src/main/AndroidManifest.xml:33:9-35
	android:icon
		ADDED from src/main/AndroidManifest.xml:34:9-41
	android:theme
		ADDED from src/main/AndroidManifest.xml:36:9-40
	android:name
		ADDED from src/main/AndroidManifest.xml:32:9-41
meta-data#com.baidu.lbsapi.API_KEY
ADDED from src/main/AndroidManifest.xml:37:9-39:56
	android:value
		ADDED from src/main/AndroidManifest.xml:39:13-53
	android:name
		ADDED from src/main/AndroidManifest.xml:38:13-52
activity#com.track.android.SplashActivity
ADDED from src/main/AndroidManifest.xml:41:9-52:20
	android:screenOrientation
		ADDED from src/main/AndroidManifest.xml:46:13-49
	android:label
		ADDED from src/main/AndroidManifest.xml:44:13-45
	android:launchMode
		ADDED from src/main/AndroidManifest.xml:45:13-44
	android:configChanges
		ADDED from src/main/AndroidManifest.xml:43:13-51
	android:theme
		ADDED from src/main/AndroidManifest.xml:47:13-71
	android:name
		ADDED from src/main/AndroidManifest.xml:42:13-43
intent-filter#android.intent.action.MAIN+android.intent.category.LAUNCHER
ADDED from src/main/AndroidManifest.xml:48:13-51:29
action#android.intent.action.MAIN
ADDED from src/main/AndroidManifest.xml:49:17-69
	android:name
		ADDED from src/main/AndroidManifest.xml:49:25-66
category#android.intent.category.LAUNCHER
ADDED from src/main/AndroidManifest.xml:50:17-77
	android:name
		ADDED from src/main/AndroidManifest.xml:50:27-74
activity#com.track.android.MainActivity
ADDED from src/main/AndroidManifest.xml:54:9-60:20
	android:label
		ADDED from src/main/AndroidManifest.xml:56:13-45
	android:name
		ADDED from src/main/AndroidManifest.xml:55:13-41
intent-filter#android.intent.action.MAIN
ADDED from src/main/AndroidManifest.xml:57:13-59:29
activity#com.track.android.TrackActivity
ADDED from src/main/AndroidManifest.xml:61:9-64:60
	android:label
		ADDED from src/main/AndroidManifest.xml:63:13-45
	android:theme
		ADDED from src/main/AndroidManifest.xml:64:13-48
	android:name
		ADDED from src/main/AndroidManifest.xml:62:13-42
activity#com.track.android.PhotoActivity
ADDED from src/main/AndroidManifest.xml:65:9-68:60
	android:label
		ADDED from src/main/AndroidManifest.xml:67:13-45
	android:theme
		ADDED from src/main/AndroidManifest.xml:68:13-48
	android:name
		ADDED from src/main/AndroidManifest.xml:66:13-42
activity#com.track.android.CreateTrackActivity
ADDED from src/main/AndroidManifest.xml:69:9-73:25
	android:label
		ADDED from src/main/AndroidManifest.xml:71:13-45
	android:theme
		ADDED from src/main/AndroidManifest.xml:72:13-48
	android:name
		ADDED from src/main/AndroidManifest.xml:70:13-48
receiver#com.track.android.BootReceiver
ADDED from src/main/AndroidManifest.xml:75:9-79:20
	android:name
		ADDED from src/main/AndroidManifest.xml:75:19-47
intent-filter#android.intent.action.BOOT_COMPLETED
ADDED from src/main/AndroidManifest.xml:76:13-78:29
action#android.intent.action.BOOT_COMPLETED
ADDED from src/main/AndroidManifest.xml:77:17-79
	android:name
		ADDED from src/main/AndroidManifest.xml:77:25-76
service#com.track.android.TrackService
ADDED from src/main/AndroidManifest.xml:81:9-49
	android:name
		ADDED from src/main/AndroidManifest.xml:81:18-46
service#com.baidu.location.f
ADDED from src/main/AndroidManifest.xml:82:9-85:49
	android:enabled
		ADDED from src/main/AndroidManifest.xml:84:13-35
	android:process
		ADDED from src/main/AndroidManifest.xml:85:13-38
	android:name
		ADDED from src/main/AndroidManifest.xml:83:13-48
activity#com.track.android.SettingActivity
ADDED from src/main/AndroidManifest.xml:87:9-53
	android:name
		ADDED from src/main/AndroidManifest.xml:87:19-50
activity#com.track.android.TrackListActivity
ADDED from src/main/AndroidManifest.xml:88:9-55
	android:name
		ADDED from src/main/AndroidManifest.xml:88:19-52
activity#com.track.android.offline_map
ADDED from src/main/AndroidManifest.xml:89:9-58
	android:name
		ADDED from src/main/AndroidManifest.xml:89:19-46
activity#com.track.android.BaseMap
ADDED from src/main/AndroidManifest.xml:90:9-92:72
	android:label
		ADDED from src/main/AndroidManifest.xml:92:13-60
	android:name
		ADDED from src/main/AndroidManifest.xml:91:13-36